#
# A fatal error has been detected by the Java Runtime Environment:
#
#  EXCEPTION_ACCESS_VIOLATION (0xc0000005) at pc=0x0000000068ef6b2d, pid=5104, tid=13884
#
# JRE version: Java(TM) SE Runtime Environment (14.0.2+12) (build 14.0.2+12-46)
# Java VM: Java HotSpot(TM) 64-Bit Server VM (14.0.2+12-46, mixed mode, sharing, tiered, compressed oops, g1 gc, windows-amd64)
# Problematic frame:
# C  [nvoglv64.DLL+0x736b2d]
#
# No core dump will be written. Minidumps are not enabled by default on client versions of Windows
#
# If you would like to submit a bug report, please visit:
#   https://bugreport.java.com/bugreport/crash.jsp
# The crash happened outside the Java Virtual Machine in native code.
# See problematic frame for where to report the bug.
#

---------------  S U M M A R Y ------------

Command Line: -Dfile.encoding=windows-1250 -Duser.country=CZ -Duser.language=cs -Duser.variant educanet.Main

Host: Intel(R) Core(TM) i7-4800MQ CPU @ 2.70GHz, 8 cores, 15G,  Windows 7 , 64 bit Build 7601 (6.1.7601.24545)
Time: Tue May  4 16:11:20 2021 Stoední Evropa (letní eas) elapsed time: 8 seconds (0d 0h 0m 8s)

---------------  T H R E A D  ---------------

Current thread (0x00000000003ba800):  JavaThread "main" [_thread_in_native, id=13884, stack(0x0000000002220000,0x0000000002320000)]

Stack: [0x0000000002220000,0x0000000002320000],  sp=0x000000000231f110,  free space=1020k
Native frames: (J=compiled Java code, j=interpreted, Vv=VM code, C=native code)
C  [nvoglv64.DLL+0x736b2d]

Java frames: (J=compiled Java code, j=interpreted, Vv=VM code)
J 938  org.lwjgl.system.JNI.invokeV(J)V (0 bytes) @ 0x0000000012b1f671 [0x0000000012b1f620+0x0000000000000051]
j  org.lwjgl.glfw.GLFW.glfwTerminate()V+5
j  educanet.Main.main([Ljava/lang/String;)V+136
v  ~StubRoutines::call_stub

siginfo: EXCEPTION_ACCESS_VIOLATION (0xc0000005), reading address 0xffffffffffffffff


Register to memory mapping:

RIP=0x0000000068ef6b2d nvoglv64.DLL
RAX=0x000000002d1c6280 points into unknown readable memory: a0 56 ff 2c 00 00 00 00
RBX=0x000000002d1c6280 points into unknown readable memory: a0 56 ff 2c 00 00 00 00
RCX=0x0000000028ca0000 points into unknown readable memory: 60 df 14 29 00 00 00 00
RDX=0x67726f5f000003d6 is an unknown value
RSP=0x000000000231f110 is pointing into the stack for thread: 0x00000000003ba800
RBP=0x0 is NULL
RSI=0x0 is NULL
RDI=0x0000000028ca0000 points into unknown readable memory: 60 df 14 29 00 00 00 00
R8 =0x0 is NULL
R9 =0x0000000028cfdf50 points into unknown readable memory: 00 00 00 00 00 00 00 00
R10=0x0000000000000041 is an unknown value
R11=0x00000070ffff0000 is an unknown value
R12=0x0 is NULL
R13=0x000000000231f390 is pointing into the stack for thread: 0x00000000003ba800
R14=0x000000000231f360 is pointing into the stack for thread: 0x00000000003ba800
R15=0x0000000000000002 is an unknown value


Registers:
RAX=0x000000002d1c6280, RBX=0x000000002d1c6280, RCX=0x0000000028ca0000, RDX=0x67726f5f000003d6
RSP=0x000000000231f110, RBP=0x0000000000000000, RSI=0x0000000000000000, RDI=0x0000000028ca0000
R8 =0x0000000000000000, R9 =0x0000000028cfdf50, R10=0x0000000000000041, R11=0x00000070ffff0000
R12=0x0000000000000000, R13=0x000000000231f390, R14=0x000000000231f360, R15=0x0000000000000002
RIP=0x0000000068ef6b2d, EFLAGS=0x0000000000010213

Top of Stack: (sp=0x000000000231f110)
0x000000000231f110:   000000000000015c 0000000000000000
0x000000000231f120:   0000000000000000 0000000028ca0000
0x000000000231f130:   0000000028ca0000 0000000068f1854e
0x000000000231f140:   0000000028ca0000 0000000000000000
0x000000000231f150:   0000000000000000 0000000028ca0000
0x000000000231f160:   0000000028ca0000 00000000692d1b0e
0x000000000231f170:   0000000000000000 0000000000000000
0x000000000231f180:   0000000000000000 0000000028ca0000
0x000000000231f190:   0000000000000002 000000000231f360
0x000000000231f1a0:   0000000000000000 0000000069258734
0x000000000231f1b0:   00000000294c47e0 000007ffffef0000
0x000000000231f1c0:   000007ffffef0000 0000000028fcd840
0x000000000231f1d0:   0000000000000000 000007feeeb141c6
0x000000000231f1e0:   0000000000000000 0000000000000000
0x000000000231f1f0:   0000000028fcd840 000007ffffef0000
0x000000000231f200:   0000000000000000 0000000000000000 

Instructions: (pc=0x0000000068ef6b2d)
0x0000000068ef6a2d:   00 00 00 44 8b 05 61 62 dc 01 4c 8d 0d d2 60 dc
0x0000000068ef6a3d:   01 8b d3 48 8b cf e8 58 e6 ff ff ff 0d f2 60 dc
0x0000000068ef6a4d:   01 ff c3 81 fb 5d 01 00 00 7c d8 80 3d 72 f3 dd
0x0000000068ef6a5d:   01 00 75 09 80 3d 68 f3 dd 01 00 74 2e 0f b6 05
0x0000000068ef6a6d:   6f f3 dd 01 84 c0 75 06 ff 05 59 f3 dd 01 8b 05
0x0000000068ef6a7d:   5b f3 dd 01 83 f8 01 76 12 48 8d 0d 43 f8 dd 01
0x0000000068ef6a8d:   e8 4e 10 e4 ff ff 05 30 f8 dd 01 48 8b 05 21 5f
0x0000000068ef6a9d:   dc 01 48 8b 18 48 8b 1b 48 85 db 0f 84 bd 00 00
0x0000000068ef6aad:   00 48 8b 43 20 48 85 c0 74 15 66 0f 1f 84 00 00
0x0000000068ef6abd:   00 00 00 48 8b d8 48 8b 40 20 48 85 c0 75 f4 48
0x0000000068ef6acd:   85 db 0f 84 96 00 00 00 66 66 66 0f 1f 84 00 00
0x0000000068ef6add:   00 00 00 48 8b 43 28 48 8b 13 48 85 c0 74 22 48
0x0000000068ef6aed:   8b d8 48 8b 40 20 48 85 c0 74 35 0f 1f 84 00 00
0x0000000068ef6afd:   00 00 00 48 8b d8 48 8b 40 20 48 85 c0 75 f4 eb
0x0000000068ef6b0d:   1f 48 8b 43 18 48 85 c0 74 12 48 3b 58 28 75 0c
0x0000000068ef6b1d:   48 8b d8 48 8b 40 18 48 85 c0 75 ee 48 8b 5b 18
0x0000000068ef6b2d:   48 8b 82 50 01 00 00 48 8d 8a 48 01 00 00 4c 8d
0x0000000068ef6b3d:   82 48 01 00 00 48 3b c1 74 0e 48 39 38 74 09 48
0x0000000068ef6b4d:   8b 40 08 48 3b c1 75 f2 49 3b c0 74 08 48 8b cf
0x0000000068ef6b5d:   e8 de 08 00 00 48 85 db 0f 85 75 ff ff ff 33 db
0x0000000068ef6b6d:   38 1d 5e f2 dd 01 75 08 38 1d 55 f2 dd 01 74 33
0x0000000068ef6b7d:   8b 05 45 f7 dd 01 85 c0 7e 18 ff 0d 3b f7 dd 01
0x0000000068ef6b8d:   83 05 40 f7 dd 01 ff 75 09 0f ae f8 89 1d 31 f7
0x0000000068ef6b9d:   dd 01 0f b6 05 3a f2 dd 01 84 c0 75 06 ff 0d 24
0x0000000068ef6bad:   f2 dd 01 83 2d 59 5f dc 01 01 75 45 39 1d cd 60
0x0000000068ef6bbd:   dc 01 74 12 45 33 c0 48 8d 15 45 5f dc 01 48 8b
0x0000000068ef6bcd:   cf e8 fd b8 65 00 0f b6 05 77 5f dc 01 24 38 3c
0x0000000068ef6bdd:   08 75 0f 48 8d 15 29 5f dc 01 48 8b cf e8 f1 21
0x0000000068ef6bed:   00 00 48 8d 15 1a 5f dc 01 48 8b cf e8 82 2a 3d
0x0000000068ef6bfd:   00 48 8b 87 40 df 05 00 ff 48 0c 48 8b 97 40 df
0x0000000068ef6c0d:   05 00 39 5a 0c 75 0f 48 8b cf e8 c4 f5 06 00 48
0x0000000068ef6c1d:   89 9f 40 df 05 00 89 9f 7c ef 05 00 48 8b 5c 24 


Stack slot to memory mapping:
stack at sp + 0 slots: 0x000000000000015c is an unknown value
stack at sp + 1 slots: 0x0 is NULL
stack at sp + 2 slots: 0x0 is NULL
stack at sp + 3 slots: 0x0000000028ca0000 points into unknown readable memory: 60 df 14 29 00 00 00 00
stack at sp + 4 slots: 0x0000000028ca0000 points into unknown readable memory: 60 df 14 29 00 00 00 00
stack at sp + 5 slots: 0x0000000068f1854e nvoglv64.DLL
stack at sp + 6 slots: 0x0000000028ca0000 points into unknown readable memory: 60 df 14 29 00 00 00 00
stack at sp + 7 slots: 0x0 is NULL


---------------  P R O C E S S  ---------------

Threads class SMR info:
_java_thread_list=0x000000002d1139d0, length=11, elements={
0x00000000003ba800, 0x00000000279b9000, 0x00000000279bb000, 0x00000000279d5800,
0x00000000279d6800, 0x00000000279da000, 0x00000000279de800, 0x00000000279df800,
0x00000000279f5000, 0x0000000027b0f800, 0x0000000027b16000
}

Java Threads: ( => current thread )
=>0x00000000003ba800 JavaThread "main" [_thread_in_native, id=13884, stack(0x0000000002220000,0x0000000002320000)]
  0x00000000279b9000 JavaThread "Reference Handler" daemon [_thread_in_vm, id=11676, stack(0x0000000028000000,0x0000000028100000)]
  0x00000000279bb000 JavaThread "Finalizer" daemon [_thread_blocked, id=8280, stack(0x0000000028290000,0x0000000028390000)]
  0x00000000279d5800 JavaThread "Signal Dispatcher" daemon [_thread_blocked, id=8292, stack(0x0000000028140000,0x0000000028240000)]
  0x00000000279d6800 JavaThread "Attach Listener" daemon [_thread_blocked, id=6944, stack(0x0000000028450000,0x0000000028550000)]
  0x00000000279da000 JavaThread "Service Thread" daemon [_thread_blocked, id=14004, stack(0x0000000028600000,0x0000000028700000)]
  0x00000000279de800 JavaThread "C2 CompilerThread0" daemon [_thread_blocked, id=5840, stack(0x0000000028720000,0x0000000028820000)]
  0x00000000279df800 JavaThread "C1 CompilerThread0" daemon [_thread_blocked, id=5644, stack(0x00000000288b0000,0x00000000289b0000)]
  0x00000000279f5000 JavaThread "Sweeper thread" daemon [_thread_blocked, id=9380, stack(0x0000000028ba0000,0x0000000028ca0000)]
  0x0000000027b0f800 JavaThread "Notification Thread" daemon [_thread_blocked, id=14076, stack(0x0000000028d70000,0x0000000028e70000)]
  0x0000000027b16000 JavaThread "Common-Cleaner" daemon [_thread_blocked, id=13672, stack(0x0000000028ea0000,0x0000000028fa0000)]

Other Threads:
  0x00000000279ad800 VMThread "VM Thread" [stack: 0x0000000027e10000,0x0000000027f10000] [id=10796]
  0x0000000027b13800 WatcherThread [stack: 0x0000000028aa0000,0x0000000028ba0000] [id=1476]
  0x00000000003ef800 GCTaskThread "GC Thread#0" [stack: 0x0000000024200000,0x0000000024300000] [id=12696]
  0x000000002d721800 GCTaskThread "GC Thread#1" [stack: 0x000000002c080000,0x000000002c180000] [id=2064]
  0x000000002d722000 GCTaskThread "GC Thread#2" [stack: 0x000000002e240000,0x000000002e340000] [id=1432]
  0x000000002ce79000 GCTaskThread "GC Thread#3" [stack: 0x000000002e3e0000,0x000000002e4e0000] [id=10072]
  0x000000002ce7f000 GCTaskThread "GC Thread#4" [stack: 0x000000002e570000,0x000000002e670000] [id=14276]
  0x000000002ce7f800 GCTaskThread "GC Thread#5" [stack: 0x000000002e830000,0x000000002e930000] [id=2604]
  0x000000001a9c5000 ConcurrentGCThread "G1 Main Marker" [stack: 0x0000000024370000,0x0000000024470000] [id=8724]
  0x000000001a9c6800 ConcurrentGCThread "G1 Conc#0" [stack: 0x00000000244c0000,0x00000000245c0000] [id=13736]
  0x0000000026da1800 ConcurrentGCThread "G1 Refine#0" [stack: 0x0000000026f30000,0x0000000027030000] [id=4484]
  0x0000000026da2000 ConcurrentGCThread "G1 Young RemSet Sampling" [stack: 0x00000000270a0000,0x00000000271a0000] [id=4580]

Threads with active compile tasks:

VM state:not at safepoint (normal execution)

VM Mutex/Monitor currently owned by a thread: None

Heap address: 0x0000000705800000, size: 4008 MB, Compressed Oops mode: Zero based, Oop shift amount: 3
Narrow klass base: 0x0000000800000000, Narrow klass shift: 3
Compressed class space size: 1073741824 Address: 0x0000000800b30000

Heap:
 garbage-first heap   total 258048K, used 2118K [0x0000000705800000, 0x0000000800000000)
  region size 1024K, 4 young (4096K), 3 survivors (3072K)
 Metaspace       used 7546K, capacity 10318K, committed 10496K, reserved 1058816K
  class space    used 375K, capacity 678K, committed 768K, reserved 1048576K
Heap Regions: E=young(eden), S=young(survivor), O=old, HS=humongous(starts), HC=humongous(continues), CS=collection set, F=free, OA=open archive, CA=closed archive, TAMS=top-at-mark-start (previous, next)
|   0|0x0000000705800000, 0x0000000705800000, 0x0000000705900000|  0%| F|  |TAMS 0x0000000705800000, 0x0000000705800000| Untracked 
|   1|0x0000000705900000, 0x0000000705900000, 0x0000000705a00000|  0%| F|  |TAMS 0x0000000705900000, 0x0000000705900000| Untracked 
|   2|0x0000000705a00000, 0x0000000705a00000, 0x0000000705b00000|  0%| F|  |TAMS 0x0000000705a00000, 0x0000000705a00000| Untracked 
|   3|0x0000000705b00000, 0x0000000705b00000, 0x0000000705c00000|  0%| F|  |TAMS 0x0000000705b00000, 0x0000000705b00000| Untracked 
|   4|0x0000000705c00000, 0x0000000705c00000, 0x0000000705d00000|  0%| F|  |TAMS 0x0000000705c00000, 0x0000000705c00000| Untracked 
|   5|0x0000000705d00000, 0x0000000705d00000, 0x0000000705e00000|  0%| F|  |TAMS 0x0000000705d00000, 0x0000000705d00000| Untracked 
|   6|0x0000000705e00000, 0x0000000705e00000, 0x0000000705f00000|  0%| F|  |TAMS 0x0000000705e00000, 0x0000000705e00000| Untracked 
|   7|0x0000000705f00000, 0x0000000705f00000, 0x0000000706000000|  0%| F|  |TAMS 0x0000000705f00000, 0x0000000705f00000| Untracked 
|   8|0x0000000706000000, 0x0000000706000000, 0x0000000706100000|  0%| F|  |TAMS 0x0000000706000000, 0x0000000706000000| Untracked 
|   9|0x0000000706100000, 0x0000000706100000, 0x0000000706200000|  0%| F|  |TAMS 0x0000000706100000, 0x0000000706100000| Untracked 
|  10|0x0000000706200000, 0x0000000706200000, 0x0000000706300000|  0%| F|  |TAMS 0x0000000706200000, 0x0000000706200000| Untracked 
|  11|0x0000000706300000, 0x0000000706300000, 0x0000000706400000|  0%| F|  |TAMS 0x0000000706300000, 0x0000000706300000| Untracked 
|  12|0x0000000706400000, 0x0000000706400000, 0x0000000706500000|  0%| F|  |TAMS 0x0000000706400000, 0x0000000706400000| Untracked 
|  13|0x0000000706500000, 0x0000000706500000, 0x0000000706600000|  0%| F|  |TAMS 0x0000000706500000, 0x0000000706500000| Untracked 
|  14|0x0000000706600000, 0x0000000706600000, 0x0000000706700000|  0%| F|  |TAMS 0x0000000706600000, 0x0000000706600000| Untracked 
|  15|0x0000000706700000, 0x0000000706700000, 0x0000000706800000|  0%| F|  |TAMS 0x0000000706700000, 0x0000000706700000| Untracked 
|  16|0x0000000706800000, 0x0000000706800000, 0x0000000706900000|  0%| F|  |TAMS 0x0000000706800000, 0x0000000706800000| Untracked 
|  17|0x0000000706900000, 0x0000000706900000, 0x0000000706a00000|  0%| F|  |TAMS 0x0000000706900000, 0x0000000706900000| Untracked 
|  18|0x0000000706a00000, 0x0000000706a00000, 0x0000000706b00000|  0%| F|  |TAMS 0x0000000706a00000, 0x0000000706a00000| Untracked 
|  19|0x0000000706b00000, 0x0000000706b00000, 0x0000000706c00000|  0%| F|  |TAMS 0x0000000706b00000, 0x0000000706b00000| Untracked 
|  20|0x0000000706c00000, 0x0000000706c00000, 0x0000000706d00000|  0%| F|  |TAMS 0x0000000706c00000, 0x0000000706c00000| Untracked 
|  21|0x0000000706d00000, 0x0000000706d00000, 0x0000000706e00000|  0%| F|  |TAMS 0x0000000706d00000, 0x0000000706d00000| Untracked 
|  22|0x0000000706e00000, 0x0000000706e00000, 0x0000000706f00000|  0%| F|  |TAMS 0x0000000706e00000, 0x0000000706e00000| Untracked 
|  23|0x0000000706f00000, 0x0000000706f00000, 0x0000000707000000|  0%| F|  |TAMS 0x0000000706f00000, 0x0000000706f00000| Untracked 
|  24|0x0000000707000000, 0x0000000707000000, 0x0000000707100000|  0%| F|  |TAMS 0x0000000707000000, 0x0000000707000000| Untracked 
|  25|0x0000000707100000, 0x0000000707100000, 0x0000000707200000|  0%| F|  |TAMS 0x0000000707100000, 0x0000000707100000| Untracked 
|  26|0x0000000707200000, 0x0000000707200000, 0x0000000707300000|  0%| F|  |TAMS 0x0000000707200000, 0x0000000707200000| Untracked 
|  27|0x0000000707300000, 0x0000000707300000, 0x0000000707400000|  0%| F|  |TAMS 0x0000000707300000, 0x0000000707300000| Untracked 
|  28|0x0000000707400000, 0x0000000707400000, 0x0000000707500000|  0%| F|  |TAMS 0x0000000707400000, 0x0000000707400000| Untracked 
|  29|0x0000000707500000, 0x0000000707500000, 0x0000000707600000|  0%| F|  |TAMS 0x0000000707500000, 0x0000000707500000| Untracked 
|  30|0x0000000707600000, 0x0000000707600000, 0x0000000707700000|  0%| F|  |TAMS 0x0000000707600000, 0x0000000707600000| Untracked 
|  31|0x0000000707700000, 0x0000000707700000, 0x0000000707800000|  0%| F|  |TAMS 0x0000000707700000, 0x0000000707700000| Untracked 
|  32|0x0000000707800000, 0x0000000707800000, 0x0000000707900000|  0%| F|  |TAMS 0x0000000707800000, 0x0000000707800000| Untracked 
|  33|0x0000000707900000, 0x0000000707900000, 0x0000000707a00000|  0%| F|  |TAMS 0x0000000707900000, 0x0000000707900000| Untracked 
|  34|0x0000000707a00000, 0x0000000707a00000, 0x0000000707b00000|  0%| F|  |TAMS 0x0000000707a00000, 0x0000000707a00000| Untracked 
|  35|0x0000000707b00000, 0x0000000707b00000, 0x0000000707c00000|  0%| F|  |TAMS 0x0000000707b00000, 0x0000000707b00000| Untracked 
|  36|0x0000000707c00000, 0x0000000707c00000, 0x0000000707d00000|  0%| F|  |TAMS 0x0000000707c00000, 0x0000000707c00000| Untracked 
|  37|0x0000000707d00000, 0x0000000707d00000, 0x0000000707e00000|  0%| F|  |TAMS 0x0000000707d00000, 0x0000000707d00000| Untracked 
|  38|0x0000000707e00000, 0x0000000707e00000, 0x0000000707f00000|  0%| F|  |TAMS 0x0000000707e00000, 0x0000000707e00000| Untracked 
|  39|0x0000000707f00000, 0x0000000707f00000, 0x0000000708000000|  0%| F|  |TAMS 0x0000000707f00000, 0x0000000707f00000| Untracked 
|  40|0x0000000708000000, 0x0000000708000000, 0x0000000708100000|  0%| F|  |TAMS 0x0000000708000000, 0x0000000708000000| Untracked 
|  41|0x0000000708100000, 0x0000000708100000, 0x0000000708200000|  0%| F|  |TAMS 0x0000000708100000, 0x0000000708100000| Untracked 
|  42|0x0000000708200000, 0x0000000708200000, 0x0000000708300000|  0%| F|  |TAMS 0x0000000708200000, 0x0000000708200000| Untracked 
|  43|0x0000000708300000, 0x0000000708300000, 0x0000000708400000|  0%| F|  |TAMS 0x0000000708300000, 0x0000000708300000| Untracked 
|  44|0x0000000708400000, 0x0000000708400000, 0x0000000708500000|  0%| F|  |TAMS 0x0000000708400000, 0x0000000708400000| Untracked 
|  45|0x0000000708500000, 0x0000000708500000, 0x0000000708600000|  0%| F|  |TAMS 0x0000000708500000, 0x0000000708500000| Untracked 
|  46|0x0000000708600000, 0x0000000708600000, 0x0000000708700000|  0%| F|  |TAMS 0x0000000708600000, 0x0000000708600000| Untracked 
|  47|0x0000000708700000, 0x0000000708700000, 0x0000000708800000|  0%| F|  |TAMS 0x0000000708700000, 0x0000000708700000| Untracked 
|  48|0x0000000708800000, 0x0000000708800000, 0x0000000708900000|  0%| F|  |TAMS 0x0000000708800000, 0x0000000708800000| Untracked 
|  49|0x0000000708900000, 0x0000000708900000, 0x0000000708a00000|  0%| F|  |TAMS 0x0000000708900000, 0x0000000708900000| Untracked 
|  50|0x0000000708a00000, 0x0000000708a00000, 0x0000000708b00000|  0%| F|  |TAMS 0x0000000708a00000, 0x0000000708a00000| Untracked 
|  51|0x0000000708b00000, 0x0000000708b00000, 0x0000000708c00000|  0%| F|  |TAMS 0x0000000708b00000, 0x0000000708b00000| Untracked 
|  52|0x0000000708c00000, 0x0000000708c00000, 0x0000000708d00000|  0%| F|  |TAMS 0x0000000708c00000, 0x0000000708c00000| Untracked 
|  53|0x0000000708d00000, 0x0000000708d00000, 0x0000000708e00000|  0%| F|  |TAMS 0x0000000708d00000, 0x0000000708d00000| Untracked 
|  54|0x0000000708e00000, 0x0000000708e00000, 0x0000000708f00000|  0%| F|  |TAMS 0x0000000708e00000, 0x0000000708e00000| Untracked 
|  55|0x0000000708f00000, 0x0000000708f00000, 0x0000000709000000|  0%| F|  |TAMS 0x0000000708f00000, 0x0000000708f00000| Untracked 
|  56|0x0000000709000000, 0x0000000709000000, 0x0000000709100000|  0%| F|  |TAMS 0x0000000709000000, 0x0000000709000000| Untracked 
|  57|0x0000000709100000, 0x0000000709100000, 0x0000000709200000|  0%| F|  |TAMS 0x0000000709100000, 0x0000000709100000| Untracked 
|  58|0x0000000709200000, 0x0000000709200000, 0x0000000709300000|  0%| F|  |TAMS 0x0000000709200000, 0x0000000709200000| Untracked 
|  59|0x0000000709300000, 0x0000000709300000, 0x0000000709400000|  0%| F|  |TAMS 0x0000000709300000, 0x0000000709300000| Untracked 
|  60|0x0000000709400000, 0x0000000709400000, 0x0000000709500000|  0%| F|  |TAMS 0x0000000709400000, 0x0000000709400000| Untracked 
|  61|0x0000000709500000, 0x0000000709500000, 0x0000000709600000|  0%| F|  |TAMS 0x0000000709500000, 0x0000000709500000| Untracked 
|  62|0x0000000709600000, 0x0000000709600000, 0x0000000709700000|  0%| F|  |TAMS 0x0000000709600000, 0x0000000709600000| Untracked 
|  63|0x0000000709700000, 0x0000000709700000, 0x0000000709800000|  0%| F|  |TAMS 0x0000000709700000, 0x0000000709700000| Untracked 
|  64|0x0000000709800000, 0x0000000709800000, 0x0000000709900000|  0%| F|  |TAMS 0x0000000709800000, 0x0000000709800000| Untracked 
|  65|0x0000000709900000, 0x0000000709900000, 0x0000000709a00000|  0%| F|  |TAMS 0x0000000709900000, 0x0000000709900000| Untracked 
|  66|0x0000000709a00000, 0x0000000709a00000, 0x0000000709b00000|  0%| F|  |TAMS 0x0000000709a00000, 0x0000000709a00000| Untracked 
|  67|0x0000000709b00000, 0x0000000709b00000, 0x0000000709c00000|  0%| F|  |TAMS 0x0000000709b00000, 0x0000000709b00000| Untracked 
|  68|0x0000000709c00000, 0x0000000709c00000, 0x0000000709d00000|  0%| F|  |TAMS 0x0000000709c00000, 0x0000000709c00000| Untracked 
|  69|0x0000000709d00000, 0x0000000709d00000, 0x0000000709e00000|  0%| F|  |TAMS 0x0000000709d00000, 0x0000000709d00000| Untracked 
|  70|0x0000000709e00000, 0x0000000709e00000, 0x0000000709f00000|  0%| F|  |TAMS 0x0000000709e00000, 0x0000000709e00000| Untracked 
|  71|0x0000000709f00000, 0x0000000709f00000, 0x000000070a000000|  0%| F|  |TAMS 0x0000000709f00000, 0x0000000709f00000| Untracked 
|  72|0x000000070a000000, 0x000000070a000000, 0x000000070a100000|  0%| F|  |TAMS 0x000000070a000000, 0x000000070a000000| Untracked 
|  73|0x000000070a100000, 0x000000070a100000, 0x000000070a200000|  0%| F|  |TAMS 0x000000070a100000, 0x000000070a100000| Untracked 
|  74|0x000000070a200000, 0x000000070a200000, 0x000000070a300000|  0%| F|  |TAMS 0x000000070a200000, 0x000000070a200000| Untracked 
|  75|0x000000070a300000, 0x000000070a300000, 0x000000070a400000|  0%| F|  |TAMS 0x000000070a300000, 0x000000070a300000| Untracked 
|  76|0x000000070a400000, 0x000000070a400000, 0x000000070a500000|  0%| F|  |TAMS 0x000000070a400000, 0x000000070a400000| Untracked 
|  77|0x000000070a500000, 0x000000070a500000, 0x000000070a600000|  0%| F|  |TAMS 0x000000070a500000, 0x000000070a500000| Untracked 
|  78|0x000000070a600000, 0x000000070a600000, 0x000000070a700000|  0%| F|  |TAMS 0x000000070a600000, 0x000000070a600000| Untracked 
|  79|0x000000070a700000, 0x000000070a700000, 0x000000070a800000|  0%| F|  |TAMS 0x000000070a700000, 0x000000070a700000| Untracked 
|  80|0x000000070a800000, 0x000000070a800000, 0x000000070a900000|  0%| F|  |TAMS 0x000000070a800000, 0x000000070a800000| Untracked 
|  81|0x000000070a900000, 0x000000070a900000, 0x000000070aa00000|  0%| F|  |TAMS 0x000000070a900000, 0x000000070a900000| Untracked 
|  82|0x000000070aa00000, 0x000000070aa00000, 0x000000070ab00000|  0%| F|  |TAMS 0x000000070aa00000, 0x000000070aa00000| Untracked 
|  83|0x000000070ab00000, 0x000000070ab00000, 0x000000070ac00000|  0%| F|  |TAMS 0x000000070ab00000, 0x000000070ab00000| Untracked 
|  84|0x000000070ac00000, 0x000000070ac00000, 0x000000070ad00000|  0%| F|  |TAMS 0x000000070ac00000, 0x000000070ac00000| Untracked 
|  85|0x000000070ad00000, 0x000000070ad00000, 0x000000070ae00000|  0%| F|  |TAMS 0x000000070ad00000, 0x000000070ad00000| Untracked 
|  86|0x000000070ae00000, 0x000000070ae00000, 0x000000070af00000|  0%| F|  |TAMS 0x000000070ae00000, 0x000000070ae00000| Untracked 
|  87|0x000000070af00000, 0x000000070af00000, 0x000000070b000000|  0%| F|  |TAMS 0x000000070af00000, 0x000000070af00000| Untracked 
|  88|0x000000070b000000, 0x000000070b000000, 0x000000070b100000|  0%| F|  |TAMS 0x000000070b000000, 0x000000070b000000| Untracked 
|  89|0x000000070b100000, 0x000000070b100000, 0x000000070b200000|  0%| F|  |TAMS 0x000000070b100000, 0x000000070b100000| Untracked 
|  90|0x000000070b200000, 0x000000070b200000, 0x000000070b300000|  0%| F|  |TAMS 0x000000070b200000, 0x000000070b200000| Untracked 
|  91|0x000000070b300000, 0x000000070b300000, 0x000000070b400000|  0%| F|  |TAMS 0x000000070b300000, 0x000000070b300000| Untracked 
|  92|0x000000070b400000, 0x000000070b400000, 0x000000070b500000|  0%| F|  |TAMS 0x000000070b400000, 0x000000070b400000| Untracked 
|  93|0x000000070b500000, 0x000000070b500000, 0x000000070b600000|  0%| F|  |TAMS 0x000000070b500000, 0x000000070b500000| Untracked 
|  94|0x000000070b600000, 0x000000070b600000, 0x000000070b700000|  0%| F|  |TAMS 0x000000070b600000, 0x000000070b600000| Untracked 
|  95|0x000000070b700000, 0x000000070b700000, 0x000000070b800000|  0%| F|  |TAMS 0x000000070b700000, 0x000000070b700000| Untracked 
|  96|0x000000070b800000, 0x000000070b800000, 0x000000070b900000|  0%| F|  |TAMS 0x000000070b800000, 0x000000070b800000| Untracked 
|  97|0x000000070b900000, 0x000000070b900000, 0x000000070ba00000|  0%| F|  |TAMS 0x000000070b900000, 0x000000070b900000| Untracked 
|  98|0x000000070ba00000, 0x000000070ba00000, 0x000000070bb00000|  0%| F|  |TAMS 0x000000070ba00000, 0x000000070ba00000| Untracked 
|  99|0x000000070bb00000, 0x000000070bb00000, 0x000000070bc00000|  0%| F|  |TAMS 0x000000070bb00000, 0x000000070bb00000| Untracked 
| 100|0x000000070bc00000, 0x000000070bc00000, 0x000000070bd00000|  0%| F|  |TAMS 0x000000070bc00000, 0x000000070bc00000| Untracked 
| 101|0x000000070bd00000, 0x000000070bd00000, 0x000000070be00000|  0%| F|  |TAMS 0x000000070bd00000, 0x000000070bd00000| Untracked 
| 102|0x000000070be00000, 0x000000070be00000, 0x000000070bf00000|  0%| F|  |TAMS 0x000000070be00000, 0x000000070be00000| Untracked 
| 103|0x000000070bf00000, 0x000000070bf00000, 0x000000070c000000|  0%| F|  |TAMS 0x000000070bf00000, 0x000000070bf00000| Untracked 
| 104|0x000000070c000000, 0x000000070c000000, 0x000000070c100000|  0%| F|  |TAMS 0x000000070c000000, 0x000000070c000000| Untracked 
| 105|0x000000070c100000, 0x000000070c100000, 0x000000070c200000|  0%| F|  |TAMS 0x000000070c100000, 0x000000070c100000| Untracked 
| 106|0x000000070c200000, 0x000000070c200000, 0x000000070c300000|  0%| F|  |TAMS 0x000000070c200000, 0x000000070c200000| Untracked 
| 107|0x000000070c300000, 0x000000070c300000, 0x000000070c400000|  0%| F|  |TAMS 0x000000070c300000, 0x000000070c300000| Untracked 
| 108|0x000000070c400000, 0x000000070c400000, 0x000000070c500000|  0%| F|  |TAMS 0x000000070c400000, 0x000000070c400000| Untracked 
| 109|0x000000070c500000, 0x000000070c500000, 0x000000070c600000|  0%| F|  |TAMS 0x000000070c500000, 0x000000070c500000| Untracked 
| 110|0x000000070c600000, 0x000000070c600000, 0x000000070c700000|  0%| F|  |TAMS 0x000000070c600000, 0x000000070c600000| Untracked 
| 111|0x000000070c700000, 0x000000070c700000, 0x000000070c800000|  0%| F|  |TAMS 0x000000070c700000, 0x000000070c700000| Untracked 
| 112|0x000000070c800000, 0x000000070c800000, 0x000000070c900000|  0%| F|  |TAMS 0x000000070c800000, 0x000000070c800000| Untracked 
| 113|0x000000070c900000, 0x000000070c900000, 0x000000070ca00000|  0%| F|  |TAMS 0x000000070c900000, 0x000000070c900000| Untracked 
| 114|0x000000070ca00000, 0x000000070ca00000, 0x000000070cb00000|  0%| F|  |TAMS 0x000000070ca00000, 0x000000070ca00000| Untracked 
| 115|0x000000070cb00000, 0x000000070cb00000, 0x000000070cc00000|  0%| F|  |TAMS 0x000000070cb00000, 0x000000070cb00000| Untracked 
| 116|0x000000070cc00000, 0x000000070cc00000, 0x000000070cd00000|  0%| F|  |TAMS 0x000000070cc00000, 0x000000070cc00000| Untracked 
| 117|0x000000070cd00000, 0x000000070cd00000, 0x000000070ce00000|  0%| F|  |TAMS 0x000000070cd00000, 0x000000070cd00000| Untracked 
| 118|0x000000070ce00000, 0x000000070ce00000, 0x000000070cf00000|  0%| F|  |TAMS 0x000000070ce00000, 0x000000070ce00000| Untracked 
| 119|0x000000070cf00000, 0x000000070cf00000, 0x000000070d000000|  0%| F|  |TAMS 0x000000070cf00000, 0x000000070cf00000| Untracked 
| 120|0x000000070d000000, 0x000000070d000000, 0x000000070d100000|  0%| F|  |TAMS 0x000000070d000000, 0x000000070d000000| Untracked 
| 121|0x000000070d100000, 0x000000070d100000, 0x000000070d200000|  0%| F|  |TAMS 0x000000070d100000, 0x000000070d100000| Untracked 
| 122|0x000000070d200000, 0x000000070d200000, 0x000000070d300000|  0%| F|  |TAMS 0x000000070d200000, 0x000000070d200000| Untracked 
| 123|0x000000070d300000, 0x000000070d300000, 0x000000070d400000|  0%| F|  |TAMS 0x000000070d300000, 0x000000070d300000| Untracked 
| 124|0x000000070d400000, 0x000000070d400000, 0x000000070d500000|  0%| F|  |TAMS 0x000000070d400000, 0x000000070d400000| Untracked 
| 125|0x000000070d500000, 0x000000070d500000, 0x000000070d600000|  0%| F|  |TAMS 0x000000070d500000, 0x000000070d500000| Untracked 
| 126|0x000000070d600000, 0x000000070d600000, 0x000000070d700000|  0%| F|  |TAMS 0x000000070d600000, 0x000000070d600000| Untracked 
| 127|0x000000070d700000, 0x000000070d700000, 0x000000070d800000|  0%| F|  |TAMS 0x000000070d700000, 0x000000070d700000| Untracked 
| 128|0x000000070d800000, 0x000000070d800000, 0x000000070d900000|  0%| F|  |TAMS 0x000000070d800000, 0x000000070d800000| Untracked 
| 129|0x000000070d900000, 0x000000070d900000, 0x000000070da00000|  0%| F|  |TAMS 0x000000070d900000, 0x000000070d900000| Untracked 
| 130|0x000000070da00000, 0x000000070da00000, 0x000000070db00000|  0%| F|  |TAMS 0x000000070da00000, 0x000000070da00000| Untracked 
| 131|0x000000070db00000, 0x000000070db00000, 0x000000070dc00000|  0%| F|  |TAMS 0x000000070db00000, 0x000000070db00000| Untracked 
| 132|0x000000070dc00000, 0x000000070dc00000, 0x000000070dd00000|  0%| F|  |TAMS 0x000000070dc00000, 0x000000070dc00000| Untracked 
| 133|0x000000070dd00000, 0x000000070dd00000, 0x000000070de00000|  0%| F|  |TAMS 0x000000070dd00000, 0x000000070dd00000| Untracked 
| 134|0x000000070de00000, 0x000000070de00000, 0x000000070df00000|  0%| F|  |TAMS 0x000000070de00000, 0x000000070de00000| Untracked 
| 135|0x000000070df00000, 0x000000070df00000, 0x000000070e000000|  0%| F|  |TAMS 0x000000070df00000, 0x000000070df00000| Untracked 
| 136|0x000000070e000000, 0x000000070e000000, 0x000000070e100000|  0%| F|  |TAMS 0x000000070e000000, 0x000000070e000000| Untracked 
| 137|0x000000070e100000, 0x000000070e100000, 0x000000070e200000|  0%| F|  |TAMS 0x000000070e100000, 0x000000070e100000| Untracked 
| 138|0x000000070e200000, 0x000000070e200000, 0x000000070e300000|  0%| F|  |TAMS 0x000000070e200000, 0x000000070e200000| Untracked 
| 139|0x000000070e300000, 0x000000070e300000, 0x000000070e400000|  0%| F|  |TAMS 0x000000070e300000, 0x000000070e300000| Untracked 
| 140|0x000000070e400000, 0x000000070e400000, 0x000000070e500000|  0%| F|  |TAMS 0x000000070e400000, 0x000000070e400000| Untracked 
| 141|0x000000070e500000, 0x000000070e500000, 0x000000070e600000|  0%| F|  |TAMS 0x000000070e500000, 0x000000070e500000| Untracked 
| 142|0x000000070e600000, 0x000000070e600000, 0x000000070e700000|  0%| F|  |TAMS 0x000000070e600000, 0x000000070e600000| Untracked 
| 143|0x000000070e700000, 0x000000070e700000, 0x000000070e800000|  0%| F|  |TAMS 0x000000070e700000, 0x000000070e700000| Untracked 
| 144|0x000000070e800000, 0x000000070e800000, 0x000000070e900000|  0%| F|  |TAMS 0x000000070e800000, 0x000000070e800000| Untracked 
| 145|0x000000070e900000, 0x000000070e900000, 0x000000070ea00000|  0%| F|  |TAMS 0x000000070e900000, 0x000000070e900000| Untracked 
| 146|0x000000070ea00000, 0x000000070ea00000, 0x000000070eb00000|  0%| F|  |TAMS 0x000000070ea00000, 0x000000070ea00000| Untracked 
| 147|0x000000070eb00000, 0x000000070eb00000, 0x000000070ec00000|  0%| F|  |TAMS 0x000000070eb00000, 0x000000070eb00000| Untracked 
| 148|0x000000070ec00000, 0x000000070ec00000, 0x000000070ed00000|  0%| F|  |TAMS 0x000000070ec00000, 0x000000070ec00000| Untracked 
| 149|0x000000070ed00000, 0x000000070ed00000, 0x000000070ee00000|  0%| F|  |TAMS 0x000000070ed00000, 0x000000070ed00000| Untracked 
| 150|0x000000070ee00000, 0x000000070ee00000, 0x000000070ef00000|  0%| F|  |TAMS 0x000000070ee00000, 0x000000070ee00000| Untracked 
| 151|0x000000070ef00000, 0x000000070ef00000, 0x000000070f000000|  0%| F|  |TAMS 0x000000070ef00000, 0x000000070ef00000| Untracked 
| 152|0x000000070f000000, 0x000000070f000000, 0x000000070f100000|  0%| F|  |TAMS 0x000000070f000000, 0x000000070f000000| Untracked 
| 153|0x000000070f100000, 0x000000070f100000, 0x000000070f200000|  0%| F|  |TAMS 0x000000070f100000, 0x000000070f100000| Untracked 
| 154|0x000000070f200000, 0x000000070f200000, 0x000000070f300000|  0%| F|  |TAMS 0x000000070f200000, 0x000000070f200000| Untracked 
| 155|0x000000070f300000, 0x000000070f300000, 0x000000070f400000|  0%| F|  |TAMS 0x000000070f300000, 0x000000070f300000| Untracked 
| 156|0x000000070f400000, 0x000000070f400000, 0x000000070f500000|  0%| F|  |TAMS 0x000000070f400000, 0x000000070f400000| Untracked 
| 157|0x000000070f500000, 0x000000070f500000, 0x000000070f600000|  0%| F|  |TAMS 0x000000070f500000, 0x000000070f500000| Untracked 
| 158|0x000000070f600000, 0x000000070f600000, 0x000000070f700000|  0%| F|  |TAMS 0x000000070f600000, 0x000000070f600000| Untracked 
| 159|0x000000070f700000, 0x000000070f700000, 0x000000070f800000|  0%| F|  |TAMS 0x000000070f700000, 0x000000070f700000| Untracked 
| 160|0x000000070f800000, 0x000000070f800000, 0x000000070f900000|  0%| F|  |TAMS 0x000000070f800000, 0x000000070f800000| Untracked 
| 161|0x000000070f900000, 0x000000070f900000, 0x000000070fa00000|  0%| F|  |TAMS 0x000000070f900000, 0x000000070f900000| Untracked 
| 162|0x000000070fa00000, 0x000000070fa00000, 0x000000070fb00000|  0%| F|  |TAMS 0x000000070fa00000, 0x000000070fa00000| Untracked 
| 163|0x000000070fb00000, 0x000000070fb00000, 0x000000070fc00000|  0%| F|  |TAMS 0x000000070fb00000, 0x000000070fb00000| Untracked 
| 164|0x000000070fc00000, 0x000000070fc00000, 0x000000070fd00000|  0%| F|  |TAMS 0x000000070fc00000, 0x000000070fc00000| Untracked 
| 165|0x000000070fd00000, 0x000000070fd00000, 0x000000070fe00000|  0%| F|  |TAMS 0x000000070fd00000, 0x000000070fd00000| Untracked 
| 166|0x000000070fe00000, 0x000000070fe00000, 0x000000070ff00000|  0%| F|  |TAMS 0x000000070fe00000, 0x000000070fe00000| Untracked 
| 167|0x000000070ff00000, 0x000000070ff00000, 0x0000000710000000|  0%| F|  |TAMS 0x000000070ff00000, 0x000000070ff00000| Untracked 
| 168|0x0000000710000000, 0x0000000710000000, 0x0000000710100000|  0%| F|  |TAMS 0x0000000710000000, 0x0000000710000000| Untracked 
| 169|0x0000000710100000, 0x0000000710100000, 0x0000000710200000|  0%| F|  |TAMS 0x0000000710100000, 0x0000000710100000| Untracked 
| 170|0x0000000710200000, 0x0000000710200000, 0x0000000710300000|  0%| F|  |TAMS 0x0000000710200000, 0x0000000710200000| Untracked 
| 171|0x0000000710300000, 0x0000000710300000, 0x0000000710400000|  0%| F|  |TAMS 0x0000000710300000, 0x0000000710300000| Untracked 
| 172|0x0000000710400000, 0x0000000710400000, 0x0000000710500000|  0%| F|  |TAMS 0x0000000710400000, 0x0000000710400000| Untracked 
| 173|0x0000000710500000, 0x0000000710500000, 0x0000000710600000|  0%| F|  |TAMS 0x0000000710500000, 0x0000000710500000| Untracked 
| 174|0x0000000710600000, 0x0000000710600000, 0x0000000710700000|  0%| F|  |TAMS 0x0000000710600000, 0x0000000710600000| Untracked 
| 175|0x0000000710700000, 0x0000000710700000, 0x0000000710800000|  0%| F|  |TAMS 0x0000000710700000, 0x0000000710700000| Untracked 
| 176|0x0000000710800000, 0x0000000710800000, 0x0000000710900000|  0%| F|  |TAMS 0x0000000710800000, 0x0000000710800000| Untracked 
| 177|0x0000000710900000, 0x0000000710900000, 0x0000000710a00000|  0%| F|  |TAMS 0x0000000710900000, 0x0000000710900000| Untracked 
| 178|0x0000000710a00000, 0x0000000710a00000, 0x0000000710b00000|  0%| F|  |TAMS 0x0000000710a00000, 0x0000000710a00000| Untracked 
| 179|0x0000000710b00000, 0x0000000710b00000, 0x0000000710c00000|  0%| F|  |TAMS 0x0000000710b00000, 0x0000000710b00000| Untracked 
| 180|0x0000000710c00000, 0x0000000710c00000, 0x0000000710d00000|  0%| F|  |TAMS 0x0000000710c00000, 0x0000000710c00000| Untracked 
| 181|0x0000000710d00000, 0x0000000710d00000, 0x0000000710e00000|  0%| F|  |TAMS 0x0000000710d00000, 0x0000000710d00000| Untracked 
| 182|0x0000000710e00000, 0x0000000710e00000, 0x0000000710f00000|  0%| F|  |TAMS 0x0000000710e00000, 0x0000000710e00000| Untracked 
| 183|0x0000000710f00000, 0x0000000710f00000, 0x0000000711000000|  0%| F|  |TAMS 0x0000000710f00000, 0x0000000710f00000| Untracked 
| 184|0x0000000711000000, 0x0000000711000000, 0x0000000711100000|  0%| F|  |TAMS 0x0000000711000000, 0x0000000711000000| Untracked 
| 185|0x0000000711100000, 0x0000000711100000, 0x0000000711200000|  0%| F|  |TAMS 0x0000000711100000, 0x0000000711100000| Untracked 
| 186|0x0000000711200000, 0x0000000711200000, 0x0000000711300000|  0%| F|  |TAMS 0x0000000711200000, 0x0000000711200000| Untracked 
| 187|0x0000000711300000, 0x0000000711300000, 0x0000000711400000|  0%| F|  |TAMS 0x0000000711300000, 0x0000000711300000| Untracked 
| 188|0x0000000711400000, 0x0000000711400000, 0x0000000711500000|  0%| F|  |TAMS 0x0000000711400000, 0x0000000711400000| Untracked 
| 189|0x0000000711500000, 0x0000000711500000, 0x0000000711600000|  0%| F|  |TAMS 0x0000000711500000, 0x0000000711500000| Untracked 
| 190|0x0000000711600000, 0x0000000711600000, 0x0000000711700000|  0%| F|  |TAMS 0x0000000711600000, 0x0000000711600000| Untracked 
| 191|0x0000000711700000, 0x0000000711700000, 0x0000000711800000|  0%| F|  |TAMS 0x0000000711700000, 0x0000000711700000| Untracked 
| 192|0x0000000711800000, 0x0000000711800000, 0x0000000711900000|  0%| F|  |TAMS 0x0000000711800000, 0x0000000711800000| Untracked 
| 193|0x0000000711900000, 0x0000000711900000, 0x0000000711a00000|  0%| F|  |TAMS 0x0000000711900000, 0x0000000711900000| Untracked 
| 194|0x0000000711a00000, 0x0000000711a00000, 0x0000000711b00000|  0%| F|  |TAMS 0x0000000711a00000, 0x0000000711a00000| Untracked 
| 195|0x0000000711b00000, 0x0000000711b00000, 0x0000000711c00000|  0%| F|  |TAMS 0x0000000711b00000, 0x0000000711b00000| Untracked 
| 196|0x0000000711c00000, 0x0000000711c00000, 0x0000000711d00000|  0%| F|  |TAMS 0x0000000711c00000, 0x0000000711c00000| Untracked 
| 197|0x0000000711d00000, 0x0000000711d00000, 0x0000000711e00000|  0%| F|  |TAMS 0x0000000711d00000, 0x0000000711d00000| Untracked 
| 198|0x0000000711e00000, 0x0000000711e00000, 0x0000000711f00000|  0%| F|  |TAMS 0x0000000711e00000, 0x0000000711e00000| Untracked 
| 199|0x0000000711f00000, 0x0000000711f00000, 0x0000000712000000|  0%| F|  |TAMS 0x0000000711f00000, 0x0000000711f00000| Untracked 
| 200|0x0000000712000000, 0x0000000712000000, 0x0000000712100000|  0%| F|  |TAMS 0x0000000712000000, 0x0000000712000000| Untracked 
| 201|0x0000000712100000, 0x0000000712100000, 0x0000000712200000|  0%| F|  |TAMS 0x0000000712100000, 0x0000000712100000| Untracked 
| 202|0x0000000712200000, 0x0000000712200000, 0x0000000712300000|  0%| F|  |TAMS 0x0000000712200000, 0x0000000712200000| Untracked 
| 203|0x0000000712300000, 0x0000000712300000, 0x0000000712400000|  0%| F|  |TAMS 0x0000000712300000, 0x0000000712300000| Untracked 
| 204|0x0000000712400000, 0x0000000712400000, 0x0000000712500000|  0%| F|  |TAMS 0x0000000712400000, 0x0000000712400000| Untracked 
| 205|0x0000000712500000, 0x0000000712500000, 0x0000000712600000|  0%| F|  |TAMS 0x0000000712500000, 0x0000000712500000| Untracked 
| 206|0x0000000712600000, 0x0000000712600000, 0x0000000712700000|  0%| F|  |TAMS 0x0000000712600000, 0x0000000712600000| Untracked 
| 207|0x0000000712700000, 0x0000000712700000, 0x0000000712800000|  0%| F|  |TAMS 0x0000000712700000, 0x0000000712700000| Untracked 
| 208|0x0000000712800000, 0x0000000712800000, 0x0000000712900000|  0%| F|  |TAMS 0x0000000712800000, 0x0000000712800000| Untracked 
| 209|0x0000000712900000, 0x0000000712900000, 0x0000000712a00000|  0%| F|  |TAMS 0x0000000712900000, 0x0000000712900000| Untracked 
| 210|0x0000000712a00000, 0x0000000712a00000, 0x0000000712b00000|  0%| F|  |TAMS 0x0000000712a00000, 0x0000000712a00000| Untracked 
| 211|0x0000000712b00000, 0x0000000712b00000, 0x0000000712c00000|  0%| F|  |TAMS 0x0000000712b00000, 0x0000000712b00000| Untracked 
| 212|0x0000000712c00000, 0x0000000712c00000, 0x0000000712d00000|  0%| F|  |TAMS 0x0000000712c00000, 0x0000000712c00000| Untracked 
| 213|0x0000000712d00000, 0x0000000712d00000, 0x0000000712e00000|  0%| F|  |TAMS 0x0000000712d00000, 0x0000000712d00000| Untracked 
| 214|0x0000000712e00000, 0x0000000712e00000, 0x0000000712f00000|  0%| F|  |TAMS 0x0000000712e00000, 0x0000000712e00000| Untracked 
| 215|0x0000000712f00000, 0x0000000712f00000, 0x0000000713000000|  0%| F|  |TAMS 0x0000000712f00000, 0x0000000712f00000| Untracked 
| 216|0x0000000713000000, 0x0000000713000000, 0x0000000713100000|  0%| F|  |TAMS 0x0000000713000000, 0x0000000713000000| Untracked 
| 217|0x0000000713100000, 0x0000000713100000, 0x0000000713200000|  0%| F|  |TAMS 0x0000000713100000, 0x0000000713100000| Untracked 
| 218|0x0000000713200000, 0x0000000713200000, 0x0000000713300000|  0%| F|  |TAMS 0x0000000713200000, 0x0000000713200000| Untracked 
| 219|0x0000000713300000, 0x0000000713300000, 0x0000000713400000|  0%| F|  |TAMS 0x0000000713300000, 0x0000000713300000| Untracked 
| 220|0x0000000713400000, 0x0000000713400000, 0x0000000713500000|  0%| F|  |TAMS 0x0000000713400000, 0x0000000713400000| Untracked 
| 221|0x0000000713500000, 0x0000000713500000, 0x0000000713600000|  0%| F|  |TAMS 0x0000000713500000, 0x0000000713500000| Untracked 
| 222|0x0000000713600000, 0x0000000713600000, 0x0000000713700000|  0%| F|  |TAMS 0x0000000713600000, 0x0000000713600000| Untracked 
| 223|0x0000000713700000, 0x0000000713700000, 0x0000000713800000|  0%| F|  |TAMS 0x0000000713700000, 0x0000000713700000| Untracked 
| 224|0x0000000713800000, 0x0000000713800000, 0x0000000713900000|  0%| F|  |TAMS 0x0000000713800000, 0x0000000713800000| Untracked 
| 225|0x0000000713900000, 0x0000000713900000, 0x0000000713a00000|  0%| F|  |TAMS 0x0000000713900000, 0x0000000713900000| Untracked 
| 226|0x0000000713a00000, 0x0000000713a11950, 0x0000000713b00000|  6%| S|CS|TAMS 0x0000000713a00000, 0x0000000713a00000| Complete 
| 227|0x0000000713b00000, 0x0000000713c00000, 0x0000000713c00000|100%| S|CS|TAMS 0x0000000713b00000, 0x0000000713b00000| Complete 
| 228|0x0000000713c00000, 0x0000000713d00000, 0x0000000713d00000|100%| S|CS|TAMS 0x0000000713c00000, 0x0000000713c00000| Complete 
| 229|0x0000000713d00000, 0x0000000713d00000, 0x0000000713e00000|  0%| F|  |TAMS 0x0000000713d00000, 0x0000000713d00000| Untracked 
| 230|0x0000000713e00000, 0x0000000713e00000, 0x0000000713f00000|  0%| F|  |TAMS 0x0000000713e00000, 0x0000000713e00000| Untracked 
| 231|0x0000000713f00000, 0x0000000713f00000, 0x0000000714000000|  0%| F|  |TAMS 0x0000000713f00000, 0x0000000713f00000| Untracked 
| 232|0x0000000714000000, 0x0000000714000000, 0x0000000714100000|  0%| F|  |TAMS 0x0000000714000000, 0x0000000714000000| Untracked 
| 233|0x0000000714100000, 0x0000000714100000, 0x0000000714200000|  0%| F|  |TAMS 0x0000000714100000, 0x0000000714100000| Untracked 
| 234|0x0000000714200000, 0x0000000714200000, 0x0000000714300000|  0%| F|  |TAMS 0x0000000714200000, 0x0000000714200000| Untracked 
| 235|0x0000000714300000, 0x0000000714300000, 0x0000000714400000|  0%| F|  |TAMS 0x0000000714300000, 0x0000000714300000| Untracked 
| 236|0x0000000714400000, 0x0000000714400000, 0x0000000714500000|  0%| F|  |TAMS 0x0000000714400000, 0x0000000714400000| Untracked 
| 237|0x0000000714500000, 0x0000000714500000, 0x0000000714600000|  0%| F|  |TAMS 0x0000000714500000, 0x0000000714500000| Untracked 
| 238|0x0000000714600000, 0x0000000714600000, 0x0000000714700000|  0%| F|  |TAMS 0x0000000714600000, 0x0000000714600000| Untracked 
| 239|0x0000000714700000, 0x0000000714700000, 0x0000000714800000|  0%| F|  |TAMS 0x0000000714700000, 0x0000000714700000| Untracked 
| 240|0x0000000714800000, 0x0000000714800000, 0x0000000714900000|  0%| F|  |TAMS 0x0000000714800000, 0x0000000714800000| Untracked 
| 241|0x0000000714900000, 0x0000000714900000, 0x0000000714a00000|  0%| F|  |TAMS 0x0000000714900000, 0x0000000714900000| Untracked 
| 242|0x0000000714a00000, 0x0000000714a00000, 0x0000000714b00000|  0%| F|  |TAMS 0x0000000714a00000, 0x0000000714a00000| Untracked 
| 243|0x0000000714b00000, 0x0000000714b00000, 0x0000000714c00000|  0%| F|  |TAMS 0x0000000714b00000, 0x0000000714b00000| Untracked 
| 244|0x0000000714c00000, 0x0000000714c00000, 0x0000000714d00000|  0%| F|  |TAMS 0x0000000714c00000, 0x0000000714c00000| Untracked 
| 245|0x0000000714d00000, 0x0000000714d00000, 0x0000000714e00000|  0%| F|  |TAMS 0x0000000714d00000, 0x0000000714d00000| Untracked 
| 246|0x0000000714e00000, 0x0000000714e00000, 0x0000000714f00000|  0%| F|  |TAMS 0x0000000714e00000, 0x0000000714e00000| Untracked 
| 247|0x0000000714f00000, 0x0000000714f00000, 0x0000000715000000|  0%| F|  |TAMS 0x0000000714f00000, 0x0000000714f00000| Untracked 
| 248|0x0000000715000000, 0x0000000715000000, 0x0000000715100000|  0%| F|  |TAMS 0x0000000715000000, 0x0000000715000000| Untracked 
| 249|0x0000000715100000, 0x0000000715100000, 0x0000000715200000|  0%| F|  |TAMS 0x0000000715100000, 0x0000000715100000| Untracked 
| 250|0x0000000715200000, 0x0000000715200000, 0x0000000715300000|  0%| F|  |TAMS 0x0000000715200000, 0x0000000715200000| Untracked 
| 251|0x0000000715300000, 0x0000000715380800, 0x0000000715400000| 50%| E|  |TAMS 0x0000000715300000, 0x0000000715300000| Complete 

Card table byte_map: [0x000000001b250000,0x000000001ba30000] _byte_map_base: 0x0000000017a24000

Marking Bits (Prev, Next): (CMBitMap*) 0x000000001a9a1b48, (CMBitMap*) 0x000000001a9a1b88
 Prev Bits: [0x000000001c210000, 0x00000000200b0000)
 Next Bits: [0x00000000200b0000, 0x0000000023f50000)

Polling page: 0x0000000000230000

Metaspace:

Usage:
  Non-class:      9.41 MB capacity,     7.00 MB ( 74%) used,     2.40 MB ( 25%) free+waste,    11.69 KB ( <1%) overhead. 
      Class:    678.00 KB capacity,   375.09 KB ( 55%) used,   298.35 KB ( 44%) free+waste,     4.56 KB ( <1%) overhead. 
       Both:     10.08 MB capacity,     7.37 MB ( 73%) used,     2.69 MB ( 27%) free+waste,    16.25 KB ( <1%) overhead. 

Virtual space:
  Non-class space:       10.00 MB reserved,       9.50 MB ( 95%) committed 
      Class space:        1.00 GB reserved,     768.00 KB ( <1%) committed 
             Both:        1.01 GB reserved,      10.25 MB ( <1%) committed 

Chunk freelists:
   Non-Class:  88.00 KB
       Class:  0 bytes
        Both:  88.00 KB

MaxMetaspaceSize: 17179869184.00 GB
CompressedClassSpaceSize: 1.00 GB

CodeHeap 'non-profiled nmethods': size=120000Kb used=322Kb max_used=322Kb free=119677Kb
 bounds [0x0000000012ad0000, 0x0000000012d40000, 0x000000001a000000]
CodeHeap 'profiled nmethods': size=120000Kb used=1684Kb max_used=1684Kb free=118315Kb
 bounds [0x000000000b5a0000, 0x000000000b810000, 0x0000000012ad0000]
CodeHeap 'non-nmethods': size=5760Kb used=1655Kb max_used=1671Kb free=4104Kb
 bounds [0x000000000b000000, 0x000000000b270000, 0x000000000b5a0000]
 total_blobs=1998 nmethods=939 adapters=972
 compilation: enabled
              stopped_count=0, restarted_count=0
 full_count=0

Compilation events (20 events):
Event: 5.544 Thread 0x00000000279df800  929       3       org.lwjgl.glfw.GLFW::glfwPollEvents (12 bytes)
Event: 5.544 Thread 0x00000000279df800 nmethod 929 0x000000000b744610 code [0x000000000b7447c0, 0x000000000b744928]
Event: 5.545 Thread 0x00000000279df800  930       3       org.lwjgl.glfw.EventLoop$OnScreen::check (1 bytes)
Event: 5.545 Thread 0x00000000279df800 nmethod 930 0x000000000b744a10 code [0x000000000b744ba0, 0x000000000b744c78]
Event: 5.728 Thread 0x00000000279de800  931       4       jdk.internal.math.FloatingDecimal$BinaryToASCIIBuffer::dtoa (1509 bytes)
Event: 5.741 Thread 0x00000000279de800 nmethod 931 0x0000000012b1a110 code [0x0000000012b1a560, 0x0000000012b1bbd8]
Event: 5.945 Thread 0x00000000279de800  932       4       java.lang.StringConcatHelper::mix (27 bytes)
Event: 5.945 Thread 0x00000000279de800 nmethod 932 0x0000000012b1cb90 code [0x0000000012b1cd40, 0x0000000012b1ce58]
Event: 6.528 Thread 0x00000000279de800  933       4       java.lang.String::<init> (74 bytes)
Event: 6.531 Thread 0x00000000279de800 nmethod 933 0x0000000012b1cf90 code [0x0000000012b1d140, 0x0000000012b1d5b8]
Event: 7.095 Thread 0x00000000279de800  934       4       jdk.internal.math.FloatingDecimal::getBinaryToASCIIConverter (163 bytes)
Event: 7.097 Thread 0x00000000279de800 nmethod 934 0x0000000012b1d710 code [0x0000000012b1d940, 0x0000000012b1dd88]
Event: 7.195 Thread 0x00000000279de800  935       4       jdk.internal.math.FloatingDecimal$BinaryToASCIIBuffer::toJavaFormatString (23 bytes)
Event: 7.204 Thread 0x00000000279de800 nmethod 935 0x0000000012b1e110 code [0x0000000012b1e300, 0x0000000012b1e828]
Event: 7.204 Thread 0x00000000279de800  936       4       java.lang.StringConcatHelper::prepend (34 bytes)
Event: 7.210 Thread 0x00000000279de800 nmethod 936 0x0000000012b1eb10 code [0x0000000012b1ed20, 0x0000000012b1f138]
Event: 7.711 Thread 0x00000000279df800  937       3       org.lwjgl.glfw.GLFW::glfwSwapBuffers (21 bytes)
Event: 7.712 Thread 0x00000000279df800 nmethod 937 0x000000000b744d10 code [0x000000000b744ee0, 0x000000000b745178]
Event: 7.911 Thread 0x00000000279de800  939       4       jdk.internal.math.FloatingDecimal$BinaryToASCIIBuffer::getChars (502 bytes)
Event: 7.922 Thread 0x00000000279de800 nmethod 939 0x0000000012b1f890 code [0x0000000012b1fb80, 0x0000000012b20628]

GC Heap History (2 events):
Event: 7.228 GC heap before
{Heap before GC invocations=0 (full 0):
 garbage-first heap   total 258048K, used 23552K [0x0000000705800000, 0x0000000800000000)
  region size 1024K, 23 young (23552K), 0 survivors (0K)
 Metaspace       used 7545K, capacity 10318K, committed 10496K, reserved 1058816K
  class space    used 375K, capacity 678K, committed 768K, reserved 1048576K
}
Event: 7.236 GC heap after
{Heap after GC invocations=1 (full 0):
 garbage-first heap   total 258048K, used 2118K [0x0000000705800000, 0x0000000800000000)
  region size 1024K, 3 young (3072K), 3 survivors (3072K)
 Metaspace       used 7545K, capacity 10318K, committed 10496K, reserved 1058816K
  class space    used 375K, capacity 678K, committed 768K, reserved 1048576K
}

Deoptimization events (20 events):
Event: 0.134 Thread 0x00000000003ba800 Uncommon trap: trap_request=0xffffff45 fr.pc=0x0000000012ad8b88 relative=0x0000000000000068
Event: 0.134 Thread 0x00000000003ba800 Uncommon trap: reason=unstable_if action=reinterpret pc=0x0000000012ad8b88 method=java.lang.String.isLatin1()Z @ 10 c2
Event: 0.134 Thread 0x00000000003ba800 DEOPT PACKING pc=0x0000000012ad8b88 sp=0x000000000231d3e0
Event: 0.134 Thread 0x00000000003ba800 DEOPT UNPACKING pc=0x000000000b04912f sp=0x000000000231d370 mode 2
Event: 0.632 Thread 0x00000000003ba800 Uncommon trap: trap_request=0xffffff54 fr.pc=0x0000000012af6210 relative=0x0000000000000070
Event: 0.632 Thread 0x00000000003ba800 Uncommon trap: reason=speculate_null_assert action=make_not_entrant pc=0x0000000012af6210 method=sun.misc.Unsafe.putLong(Ljava/lang/Object;JJ)V @ 7 c2
Event: 0.632 Thread 0x00000000003ba800 DEOPT PACKING pc=0x0000000012af6210 sp=0x000000000231ef80
Event: 0.632 Thread 0x00000000003ba800 DEOPT UNPACKING pc=0x000000000b04912f sp=0x000000000231eef8 mode 2
Event: 0.790 Thread 0x00000000003ba800 Uncommon trap: trap_request=0xffffff45 fr.pc=0x0000000012ad5644 relative=0x0000000000000084
Event: 0.790 Thread 0x00000000003ba800 Uncommon trap: reason=unstable_if action=reinterpret pc=0x0000000012ad5644 method=java.lang.String.isLatin1()Z @ 10 c2
Event: 0.790 Thread 0x00000000003ba800 DEOPT PACKING pc=0x0000000012ad5644 sp=0x000000000231e1f0
Event: 0.790 Thread 0x00000000003ba800 DEOPT UNPACKING pc=0x000000000b04912f sp=0x000000000231e130 mode 2
Event: 0.791 Thread 0x00000000003ba800 Uncommon trap: trap_request=0xffffff45 fr.pc=0x0000000012af8f18 relative=0x0000000000001158
Event: 0.791 Thread 0x00000000003ba800 Uncommon trap: reason=unstable_if action=reinterpret pc=0x0000000012af8f18 method=java.util.LinkedHashMap.linkNodeLast(Ljava/util/LinkedHashMap$Entry;)V @ 11 c2
Event: 0.791 Thread 0x00000000003ba800 DEOPT PACKING pc=0x0000000012af8f18 sp=0x000000000231d470
Event: 0.791 Thread 0x00000000003ba800 DEOPT UNPACKING pc=0x000000000b04912f sp=0x000000000231d320 mode 2
Event: 0.817 Thread 0x00000000003ba800 Uncommon trap: trap_request=0xffffff54 fr.pc=0x0000000012af7608 relative=0x0000000000000068
Event: 0.817 Thread 0x00000000003ba800 Uncommon trap: reason=speculate_null_assert action=make_not_entrant pc=0x0000000012af7608 method=sun.misc.Unsafe.getLong(Ljava/lang/Object;J)J @ 5 c2
Event: 0.817 Thread 0x00000000003ba800 DEOPT PACKING pc=0x0000000012af7608 sp=0x000000000231f060
Event: 0.817 Thread 0x00000000003ba800 DEOPT UNPACKING pc=0x000000000b04912f sp=0x000000000231efe8 mode 2

Classes unloaded (0 events):
No events

Classes redefined (0 events):
No events

Internal exceptions (11 events):
Event: 0.093 Thread 0x00000000003ba800 Exception <a 'java/lang/NoSuchMethodError'{0x0000000715018680}: 'void java.lang.invoke.DelegatingMethodHandle$Holder.delegate(java.lang.Object, java.lang.Object, int, java.lang.Object)'> (0x0000000715018680) 
thrown [./open/src/hotspot/share/interpreter/linkResolver.cpp, line 766]
Event: 0.093 Thread 0x00000000003ba800 Exception <a 'java/lang/NoSuchMethodError'{0x000000071501f0d8}: 'java.lang.Object java.lang.invoke.DirectMethodHandle$Holder.invokeStaticInit(java.lang.Object, java.lang.Object, java.lang.Object)'> (0x000000071501f0d8) 
thrown [./open/src/hotspot/share/interpreter/linkResolver.cpp, line 766]
Event: 0.123 Thread 0x00000000003ba800 Exception <a 'sun/nio/fs/WindowsException'{0x00000007150f0e78}> (0x00000007150f0e78) 
thrown [./open/src/hotspot/share/prims/jni.cpp, line 599]
Event: 0.123 Thread 0x00000000003ba800 Exception <a 'sun/nio/fs/WindowsException'{0x00000007150f13d0}> (0x00000007150f13d0) 
thrown [./open/src/hotspot/share/prims/jni.cpp, line 599]
Event: 0.141 Thread 0x00000000003ba800 Exception <a 'sun/nio/fs/WindowsException'{0x0000000714f76e50}> (0x0000000714f76e50) 
thrown [./open/src/hotspot/share/prims/jni.cpp, line 599]
Event: 0.141 Thread 0x00000000003ba800 Exception <a 'sun/nio/fs/WindowsException'{0x0000000714f771c0}> (0x0000000714f771c0) 
thrown [./open/src/hotspot/share/prims/jni.cpp, line 599]
Event: 0.588 Thread 0x00000000003ba800 Exception <a 'sun/nio/fs/WindowsException'{0x0000000714ee2468}> (0x0000000714ee2468) 
thrown [./open/src/hotspot/share/prims/jni.cpp, line 599]
Event: 0.588 Thread 0x00000000003ba800 Exception <a 'sun/nio/fs/WindowsException'{0x0000000714ee2818}> (0x0000000714ee2818) 
thrown [./open/src/hotspot/share/prims/jni.cpp, line 599]
Event: 0.591 Thread 0x00000000003ba800 Exception <a 'sun/nio/fs/WindowsException'{0x0000000714d00ba8}> (0x0000000714d00ba8) 
thrown [./open/src/hotspot/share/prims/jni.cpp, line 599]
Event: 0.591 Thread 0x00000000003ba800 Exception <a 'sun/nio/fs/WindowsException'{0x0000000714d00e90}> (0x0000000714d00e90) 
thrown [./open/src/hotspot/share/prims/jni.cpp, line 599]
Event: 0.784 Thread 0x00000000003ba800 Exception <a 'java/lang/NoSuchMethodError'{0x00000007143aa110}: 'void java.lang.invoke.DirectMethodHandle$Holder.invokeStatic(java.lang.Object, long, int, int)'> (0x00000007143aa110) 
thrown [./open/src/hotspot/share/interpreter/linkResolver.cpp, line 766]

Events (20 events):
Event: 0.906 loading class java/lang/invoke/BoundMethodHandle$Species_LLLLLLLLLL done
Event: 0.908 loading class java/lang/invoke/BoundMethodHandle$Species_LLLLLLLLLLL
Event: 0.908 loading class java/lang/invoke/BoundMethodHandle$Species_LLLLLLLLLLL done
Event: 1.039 Thread 0x000000002cf08800 Thread exited: 0x000000002cf08800
Event: 1.365 Loaded shared library C:\Users\Filip\AppData\Local\Temp\lwjglFilip\3.2.3-build-13\lwjgl.dll
Event: 2.298 Loaded shared library C:\Users\Filip\AppData\Local\Temp\lwjglFilip\3.2.3-build-13\lwjgl_opengl.dll
Event: 2.314 Loaded shared library C:\Users\Filip\AppData\Local\Temp\lwjglFilip\3.2.3-build-13\lwjgl_opengl.dll
Event: 2.851 Loaded shared library C:\Users\Filip\AppData\Local\Temp\lwjglFilip\3.2.3-build-13\lwjgl_opengl.dll
Event: 3.130 loading class java/lang/NumberFormatException
Event: 3.130 loading class java/lang/NumberFormatException done
Event: 5.514 Loaded shared library C:\Users\Filip\AppData\Local\Temp\lwjglFilip\3.2.3-build-13\lwjgl_opengl.dll
Event: 5.516 Loaded shared library C:\Users\Filip\AppData\Local\Temp\lwjglFilip\3.2.3-build-13\lwjgl.dll
Event: 5.530 Loaded shared library C:\Users\Filip\AppData\Local\Temp\lwjglFilip\3.2.3-build-13\lwjgl.dll
Event: 5.532 Loaded shared library C:\Users\Filip\AppData\Local\Temp\lwjglFilip\3.2.3-build-13\lwjgl_opengl.dll
Event: 5.535 Loaded shared library C:\Users\Filip\AppData\Local\Temp\lwjglFilip\3.2.3-build-13\lwjgl_opengl.dll
Event: 7.228 Executing VM operation: G1CollectForAllocation
Event: 7.237 Executing VM operation: G1CollectForAllocation done
Event: 7.237 Executing VM operation: HandshakeOneThread
Event: 7.237 Executing VM operation: HandshakeOneThread done
Event: 7.730 Loaded shared library C:\Users\Filip\AppData\Local\Temp\lwjglFilip\3.2.3-build-13\lwjgl.dll


Dynamic libraries:
0x000000013ffd0000 - 0x000000013ffdf000 	C:\Program Files\Java\jdk-14.0.2\bin\java.exe
0x0000000077860000 - 0x00000000779ff000 	C:\Windows\SYSTEM32\ntdll.dll
0x0000000077740000 - 0x000000007785f000 	C:\Windows\system32\kernel32.dll
0x000007fefd460000 - 0x000007fefd4c7000 	C:\Windows\system32\KERNELBASE.dll
0x000007fee4950000 - 0x000007fee4968000 	C:\Program Files\Java\jdk-14.0.2\bin\jli.dll
0x000007fefeef0000 - 0x000007fefefcb000 	C:\Windows\system32\ADVAPI32.dll
0x000007fefd9c0000 - 0x000007fefda5f000 	C:\Windows\system32\msvcrt.dll
0x000007feff0f0000 - 0x000007feff10f000 	C:\Windows\SYSTEM32\sechost.dll
0x000007fefec60000 - 0x000007fefed8c000 	C:\Windows\system32\RPCRT4.dll
0x000007fefa350000 - 0x000007fefa545000 	C:\Windows\WinSxS\amd64_microsoft.windows.common-controls_6595b64144ccf1df_6.0.7601.24483_none_e372d88f30fbb845\COMCTL32.dll
0x000007feff190000 - 0x000007feff1f7000 	C:\Windows\system32\GDI32.dll
0x0000000077640000 - 0x000000007773b000 	C:\Windows\system32\USER32.dll
0x000007fefd9b0000 - 0x000007fefd9be000 	C:\Windows\system32\LPK.dll
0x000007fefda60000 - 0x000007fefdb2b000 	C:\Windows\system32\USP10.dll
0x000007fefed90000 - 0x000007fefee01000 	C:\Windows\system32\SHLWAPI.dll
0x000007fefd2e0000 - 0x000007fefd2ec000 	C:\Windows\system32\VERSION.dll
0x000007fee5c50000 - 0x000007fee5c65000 	C:\Program Files\Java\jdk-14.0.2\bin\VCRUNTIME140.dll
0x000007fee4880000 - 0x000007fee4884000 	C:\Program Files\Java\jdk-14.0.2\bin\api-ms-win-crt-runtime-l1-1-0.dll
0x000007fedf370000 - 0x000007fedf46c000 	C:\Program Files\Java\jdk-14.0.2\bin\ucrtbase.DLL
0x000007fee4890000 - 0x000007fee4893000 	C:\Program Files\Java\jdk-14.0.2\bin\api-ms-win-core-localization-l1-2-0.dll
0x000007fee4860000 - 0x000007fee4863000 	C:\Program Files\Java\jdk-14.0.2\bin\api-ms-win-core-processthreads-l1-1-1.dll
0x000007fee4870000 - 0x000007fee4873000 	C:\Program Files\Java\jdk-14.0.2\bin\api-ms-win-core-file-l1-2-0.dll
0x000007fee4840000 - 0x000007fee4843000 	C:\Program Files\Java\jdk-14.0.2\bin\api-ms-win-core-timezone-l1-1-0.dll
0x000007fee4850000 - 0x000007fee4853000 	C:\Program Files\Java\jdk-14.0.2\bin\api-ms-win-core-file-l2-1-0.dll
0x000007fee4820000 - 0x000007fee4823000 	C:\Program Files\Java\jdk-14.0.2\bin\api-ms-win-core-synch-l1-2-0.dll
0x000007fee4830000 - 0x000007fee4833000 	C:\Program Files\Java\jdk-14.0.2\bin\api-ms-win-crt-heap-l1-1-0.dll
0x000007fee40b0000 - 0x000007fee40b4000 	C:\Program Files\Java\jdk-14.0.2\bin\api-ms-win-crt-string-l1-1-0.dll
0x000007fee40c0000 - 0x000007fee40c4000 	C:\Program Files\Java\jdk-14.0.2\bin\api-ms-win-crt-stdio-l1-1-0.dll
0x000007fee1590000 - 0x000007fee1594000 	C:\Program Files\Java\jdk-14.0.2\bin\api-ms-win-crt-convert-l1-1-0.dll
0x000007fee40a0000 - 0x000007fee40a3000 	C:\Program Files\Java\jdk-14.0.2\bin\api-ms-win-crt-environment-l1-1-0.dll
0x000007fee1570000 - 0x000007fee1573000 	C:\Program Files\Java\jdk-14.0.2\bin\api-ms-win-crt-filesystem-l1-1-0.dll
0x000007fee1580000 - 0x000007fee1585000 	C:\Program Files\Java\jdk-14.0.2\bin\api-ms-win-crt-math-l1-1-0.dll
0x000007fee1550000 - 0x000007fee1553000 	C:\Program Files\Java\jdk-14.0.2\bin\api-ms-win-crt-locale-l1-1-0.dll
0x000007fefec30000 - 0x000007fefec5e000 	C:\Windows\system32\IMM32.DLL
0x000007feff200000 - 0x000007feff30b000 	C:\Windows\system32\MSCTF.dll
0x000007fefd2f0000 - 0x000007fefd320000 	C:\Windows\system32\nvinitx.dll
0x0000000074de0000 - 0x0000000074de7000 	C:\Program Files\NVIDIA Corporation\CoProcManager\detoured.dll
0x000007fef72a0000 - 0x000007fef72d8000 	C:\Program Files\NVIDIA Corporation\CoProcManager\nvd3d9wrapx.dll
0x000007fefd770000 - 0x000007fefd947000 	C:\Windows\system32\SETUPAPI.dll
0x000007fefd420000 - 0x000007fefd456000 	C:\Windows\system32\CFGMGR32.dll
0x000007fefee10000 - 0x000007fefeeeb000 	C:\Windows\system32\OLEAUT32.dll
0x000007feff310000 - 0x000007feff50f000 	C:\Windows\system32\ole32.dll
0x000007fefd3d0000 - 0x000007fefd3ea000 	C:\Windows\system32\DEVOBJ.dll
0x000007fef7270000 - 0x000007fef7294000 	C:\Program Files\NVIDIA Corporation\CoProcManager\nvdxgiwrapx.dll
0x000007fedf2d0000 - 0x000007fedf36b000 	C:\Program Files\Java\jdk-14.0.2\bin\msvcp140.dll
0x000007fee1560000 - 0x000007fee1563000 	C:\Program Files\Java\jdk-14.0.2\bin\api-ms-win-crt-time-l1-1-0.dll
0x000007fedfc50000 - 0x000007fedfc53000 	C:\Program Files\Java\jdk-14.0.2\bin\api-ms-win-crt-utility-l1-1-0.dll
0x000007fede7b0000 - 0x000007fedf2ce000 	C:\Program Files\Java\jdk-14.0.2\bin\server\jvm.dll
0x000007feec3a0000 - 0x000007feec3a9000 	C:\Windows\system32\WSOCK32.dll
0x000007feff090000 - 0x000007feff0dd000 	C:\Windows\system32\WS2_32.dll
0x000007feff0e0000 - 0x000007feff0e8000 	C:\Windows\system32\NSI.dll
0x000007fef9e30000 - 0x000007fef9e6b000 	C:\Windows\system32\WINMM.dll
0x0000000077a00000 - 0x0000000077a07000 	C:\Windows\system32\PSAPI.DLL
0x000007fedfc40000 - 0x000007fedfc4a000 	C:\Program Files\Java\jdk-14.0.2\bin\jimage.dll
0x000007fef7f10000 - 0x000007fef8035000 	C:\Windows\system32\DBGHELP.DLL
0x000007fedfc10000 - 0x000007fedfc35000 	C:\Program Files\Java\jdk-14.0.2\bin\java.dll
0x000007fedfbf0000 - 0x000007fedfc06000 	C:\Program Files\Java\jdk-14.0.2\bin\zip.dll
0x000007fefdbd0000 - 0x000007fefe95b000 	C:\Windows\system32\SHELL32.dll
0x000007fefd3c0000 - 0x000007fefd3cf000 	C:\Windows\system32\profapi.dll
0x000007fedfbd0000 - 0x000007fedfbe9000 	C:\Program Files\Java\jdk-14.0.2\bin\net.dll
0x000007feeae30000 - 0x000007feeaea1000 	C:\Windows\system32\WINHTTP.dll
0x000007feeadc0000 - 0x000007feeae25000 	C:\Windows\system32\webio.dll
0x000007fefcaa0000 - 0x000007fefcaf5000 	C:\Windows\system32\mswsock.dll
0x000007fefcb40000 - 0x000007fefcb47000 	C:\Windows\System32\wship6.dll
0x000007fedfbb0000 - 0x000007fedfbc2000 	C:\Program Files\Java\jdk-14.0.2\bin\nio.dll
0x000007fee42c0000 - 0x000007fee4324000 	C:\Users\Filip\AppData\Local\Temp\lwjglFilip\3.2.3-build-13\lwjgl.dll
0x000007fee47b0000 - 0x000007fee4812000 	C:\Users\Filip\AppData\Local\Temp\lwjglFilip\3.2.3-build-13\glfw.dll
0x000007fef9f00000 - 0x000007fef9f56000 	C:\Windows\system32\uxtheme.dll
0x000007feba900000 - 0x000007feba93c000 	C:\Windows\system32\dinput8.dll
0x0000000000280000 - 0x000000000029e000 	C:\Windows\system32\xinput1_3.dll
0x000007fef9f70000 - 0x000007fef9f88000 	C:\Windows\system32\dwmapi.dll
0x000007fef9f90000 - 0x000007fef9f9b000 	C:\Windows\system32\HID.DLL
0x000007fefd690000 - 0x000007fefd6cb000 	C:\Windows\system32\WINTRUST.dll
0x000007fefd4e0000 - 0x000007fefd64d000 	C:\Windows\system32\CRYPT32.dll
0x000007fefd3b0000 - 0x000007fefd3bf000 	C:\Windows\system32\MSASN1.dll
0x000007feeeaf0000 - 0x000007feeec0d000 	C:\Windows\system32\opengl32.dll
0x000007feeed40000 - 0x000007feeed6d000 	C:\Windows\system32\GLU32.dll
0x000007feee710000 - 0x000007feee801000 	C:\Windows\system32\DDRAW.dll
0x000007feeeae0000 - 0x000007feeeae8000 	C:\Windows\system32\DCIMAN32.dll
0x00000000687c0000 - 0x000000006ae74000 	C:\Windows\system32\nvoglv64.DLL
0x000007fefaff0000 - 0x000007fefb001000 	C:\Windows\system32\WTSAPI32.dll
0x000007fefad90000 - 0x000007fefadbd000 	C:\Windows\system32\ntmarta.dll
0x000007fefd950000 - 0x000007fefd9a2000 	C:\Windows\system32\WLDAP32.dll
0x000007fefc6e0000 - 0x000007fefc71d000 	C:\Windows\system32\WINSTA.dll
0x000007fefd210000 - 0x000007fefd21f000 	C:\Windows\system32\CRYPTBASE.dll
0x000007fedfb20000 - 0x000007fedfb79000 	C:\Users\Filip\AppData\Local\Temp\lwjglFilip\3.2.3-build-13\lwjgl_opengl.dll
0x000007fedfba0000 - 0x000007fedfbb0000 	C:\Program Files\Java\jdk-14.0.2\bin\verify.dll
0x000007feb6e30000 - 0x000007feb6eb9000 	C:\Program Files (x86)\Overwolf\0.169.0.22\OWExplorer.dll

dbghelp: loaded successfully - version: 4.0.5 - missing functions: none
symbol engine: initialized successfully - sym options: 0x614 - pdb path: .;C:\Program Files\Java\jdk-14.0.2\bin;C:\Windows\SYSTEM32;C:\Windows\WinSxS\amd64_microsoft.windows.common-controls_6595b64144ccf1df_6.0.7601.24483_none_e372d88f30fbb845;C:\Program Files\NVIDIA Corporation\CoProcManager;C:\Program Files\Java\jdk-14.0.2\bin\server;C:\Users\Filip\AppData\Local\Temp\lwjglFilip\3.2.3-build-13;C:\Program Files (x86)\Overwolf\0.169.0.22

VM Arguments:
jvm_args: -Dfile.encoding=windows-1250 -Duser.country=CZ -Duser.language=cs -Duser.variant 
java_command: educanet.Main
java_class_path (initial): C:\prg\Maze\build\classes\java\main;C:\prg\Maze\build\resources\main;C:\Users\Filip\.gradle\caches\modules-2\files-2.1\org.lwjgl\lwjgl-assimp\3.2.3\f62aa07a20afbdd3097efc296c4841e0d29700eb\lwjgl-assimp-3.2.3.jar;C:\Users\Filip\.gradle\caches\modules-2\files-2.1\org.lwjgl\lwjgl-assimp\3.2.3\4e60aeb75f0343c4a9ede4ef8b6b32ca702a00a3\lwjgl-assimp-3.2.3-natives-windows.jar;C:\Users\Filip\.gradle\caches\modules-2\files-2.1\org.lwjgl\lwjgl-glfw\3.2.3\5e520d5c290c8b012545a8d34fa5db5ab051ea53\lwjgl-glfw-3.2.3.jar;C:\Users\Filip\.gradle\caches\modules-2\files-2.1\org.lwjgl\lwjgl-glfw\3.2.3\b4d8a3477cdc2edcf7a5f1e822926be846223f54\lwjgl-glfw-3.2.3-natives-windows.jar;C:\Users\Filip\.gradle\caches\modules-2\files-2.1\org.lwjgl\lwjgl-openal\3.2.3\106742e805803ab9eab8e343f0fb31a3d263903c\lwjgl-openal-3.2.3.jar;C:\Users\Filip\.gradle\caches\modules-2\files-2.1\org.lwjgl\lwjgl-openal\3.2.3\ec898e8ce11b5886f4f532a1536283ef2817758d\lwjgl-openal-3.2.3-natives-windows.jar;C:\Users\Filip\.gradle\caches\modules-2\files-2.1\org.lwjgl\lwjgl-opengl\3.2.3\bdd534a323d0c8f54969b95e424b6ac8984f7d6e\lwjgl-opengl-3.2.3.jar;C:\Users\Filip\.gradle\caches\modules-2\files-2.1\org.lwjgl\lwjgl-opengl\3.2.3\e81cfc73ec8708e5e791ed770e4ec3edfc1bbab1\lwjgl-opengl-3.2.3-natives-windows.jar;C:\Users\Filip\.gradle\caches\modules-2\files-2.1\org.lwjgl\lwjgl-stb\3.2.3\40eccaa4fa86fc815f2e17946a392fb5fdcc286a\lwjgl-stb-3.2.3.jar;C:\Users\Filip\.gradle\caches\modules-2\files-2.1\org.lwjgl\lwjgl-stb\3.2.3\817b21ec286f0ba3dcedb56a3bd275e6a9345be9\lwjgl-stb-3.2.3-natives-windows.jar;C:\Users\Filip\.gradle\caches\modules-2\files-2.1\org.lwjgl\lwjgl\3.2.3\17a59ba0fe8d474ec9dbe0d5db40d2cfe59c4c08\lwjgl-3.2.3.jar;C:\Users\Filip\.gradle\caches\modules-2\files-2.1\org.lwjgl\lwjgl\3.2.3\27f32cd35349684745951e04388e8e00d681cdcd\lwjgl-3.2.3-natives-windows.jar;C:\Users\Filip\.gradle\caches\modules-2\files-2.1\org.joml\joml\1.10.0\a29b8bf72dc1478e9ceea256db214188da94f313\joml-1.10.0.jar
Launcher Type: SUN_STANDARD

[Global flags]
     intx CICompilerCount                          = 4                                         {product} {ergonomic}
     uint ConcGCThreads                            = 2                                         {product} {ergonomic}
     uint G1ConcRefinementThreads                  = 8                                         {product} {ergonomic}
   size_t G1HeapRegionSize                         = 1048576                                   {product} {ergonomic}
    uintx GCDrainStackTargetSize                   = 64                                        {product} {ergonomic}
   size_t InitialHeapSize                          = 264241152                                 {product} {ergonomic}
   size_t MarkStackSize                            = 4194304                                   {product} {ergonomic}
   size_t MaxHeapSize                              = 4202692608                                {product} {ergonomic}
   size_t MaxNewSize                               = 2520776704                                {product} {ergonomic}
   size_t MinHeapDeltaBytes                        = 1048576                                   {product} {ergonomic}
   size_t MinHeapSize                              = 8388608                                   {product} {ergonomic}
    uintx NonNMethodCodeHeapSize                   = 5839372                                {pd product} {ergonomic}
    uintx NonProfiledCodeHeapSize                  = 122909434                              {pd product} {ergonomic}
    uintx ProfiledCodeHeapSize                     = 122909434                              {pd product} {ergonomic}
    uintx ReservedCodeCacheSize                    = 251658240                              {pd product} {ergonomic}
     bool SegmentedCodeCache                       = true                                      {product} {ergonomic}
   size_t SoftMaxHeapSize                          = 4202692608                             {manageable} {ergonomic}
     bool UseCompressedClassPointers               = true                                 {lp64_product} {ergonomic}
     bool UseCompressedOops                        = true                                 {lp64_product} {ergonomic}
     bool UseG1GC                                  = true                                      {product} {ergonomic}
     bool UseLargePagesIndividualAllocation        = false                                  {pd product} {ergonomic}

Logging:
Log output configuration:
 #0: stdout all=warning uptime,level,tags
 #1: stderr all=off uptime,level,tags

Environment Variables:
JAVA_HOME=C:\Program Files\Java\jdk-14.0.2
PATH=C:\Program Files (x86)\Common Files\Oracle\Java\javapath;C:\Program Files\Java\jdk-14.0.2\bin;C:\Program Files\nodejs\;C:\Program Files\Git\cmd;C:\Program Files\apache-maven-3.6.3\bin;C:\Windows\system32;C:\Users\Filip\AppData\Local\Programs\Microsoft VS Code\bin;C:\Program Files\dart-sass;C:\Users\Filip\AppData\Roaming\Composer\vendor\bin;C:\Program Files\JetBrains\IntelliJ IDEA Community Edition 2020.2.2\bin;;C:\Users\Filip\AppData\Roaming\npm;C:\Program Files\JetBrains\IntelliJ IDEA 2020.3.2\bin;
USERNAME=Filip
OS=Windows_NT
PROCESSOR_IDENTIFIER=Intel64 Family 6 Model 60 Stepping 3, GenuineIntel



---------------  S Y S T E M  ---------------

OS: Windows 7 , 64 bit Build 7601 (6.1.7601.24545)
OS uptime: 0 days 7:30 hours

CPU:total 8 (initial active 8) (4 cores per cpu, 2 threads per core) family 6 model 60 stepping 3, cmov, cx8, fxsr, mmx, sse, sse2, sse3, ssse3, sse4.1, sse4.2, popcnt, avx, avx2, aes, clmul, erms, rtm, lzcnt, ht, tsc, tscinvbit, bmi1, bmi2, fma

Memory: 4k page, system-wide physical 16025M (5637M free)
TotalPageFile size 32048M (AvailPageFile size 18947M)
current process WorkingSet (physical memory assigned to process): 108M, peak: 108M
current process commit charge ("private bytes"): 408M, peak: 411M

vm_info: Java HotSpot(TM) 64-Bit Server VM (14.0.2+12-46) for windows-amd64 JRE (14.0.2+12-46), built on Jul  9 2020 00:35:52 by "mach5one" with MS VC++ 15.9 (VS2017)

END.
